[2013-12-26|16:12:23] gameData抓取服务启动...
[2013-12-26|16:12:23] Refreshing org.springframework.context.support.ClassPathXmlApplicationContext@192c8d9: display name [org.springframework.context.support.ClassPathXmlApplicationContext@192c8d9]; startup date [Thu Dec 26 16:12:23 CST 2013]; root of context hierarchy
[2013-12-26|16:12:23] Loading XML bean definitions from class path resource [applicationContext.xml]
[2013-12-26|16:12:23] Bean factory for application context [org.springframework.context.support.ClassPathXmlApplicationContext@192c8d9]: org.springframework.beans.factory.support.DefaultListableBeanFactory@1e152f4
[2013-12-26|16:12:23] Pre-instantiating singletons in org.springframework.beans.factory.support.DefaultListableBeanFactory@1e152f4: defining beans [AccountDataSource,WorldDataSource,HibernateProperties,AccountSessionFactory,WorldSessionFactory,AccountTransactionManager,WorldTransactionManager,AccountBaseTransactionProxy,WorldBaseTransactionProxy,AccountService,WorldService]; root of factory hierarchy
[2013-12-26|16:12:23] Hibernate Annotations 3.3.0.GA
[2013-12-26|16:12:23] Hibernate 3.2.6
[2013-12-26|16:12:23] hibernate.properties not found
[2013-12-26|16:12:23] Bytecode provider name : cglib
[2013-12-26|16:12:23] using JDK 1.4 java.sql.Timestamp handling
[2013-12-26|16:12:23] configuring from url: file:/I:/Workspace-Server/WYD-GetGameInfo/bin/hibernate.cfg_account.xml
[2013-12-26|16:12:23] Configured SessionFactory: null
[2013-12-26|16:12:23] Building new Hibernate SessionFactory
[2013-12-26|16:12:23] Binding entity from annotated class: com.wyd.rolequery.bean.Empireaccount
[2013-12-26|16:12:23] Bind entity com.wyd.rolequery.bean.Empireaccount on table tab_empireaccount
[2013-12-26|16:12:23] Binding entity from annotated class: com.wyd.rolequery.bean.Account
[2013-12-26|16:12:23] Bind entity com.wyd.rolequery.bean.Account on table tab_account
[2013-12-26|16:12:23] Hibernate Validator not found: ignoring
[2013-12-26|16:12:23] Initializing connection provider: org.springframework.orm.hibernate3.LocalDataSourceConnectionProvider
[2013-12-26|16:12:25] RDBMS: MySQL, version: 5.0.95-log
[2013-12-26|16:12:25] JDBC driver: MySQL-AB JDBC Driver, version: mysql-connector-java-5.0.8 ( Revision: ${svn.Revision} )
[2013-12-26|16:12:25] Using dialect: com.wyd.db.hibernate.CustomSQLDialect
[2013-12-26|16:12:25] Using default transaction strategy (direct JDBC transactions)
[2013-12-26|16:12:25] No TransactionManagerLookup configured (in JTA environment, use of read-write or transactional second-level cache is not recommended)
[2013-12-26|16:12:25] Automatic flush during beforeCompletion(): disabled
[2013-12-26|16:12:25] Automatic session close at end of transaction: disabled
[2013-12-26|16:12:25] JDBC batch size: 15
[2013-12-26|16:12:25] JDBC batch updates for versioned data: disabled
[2013-12-26|16:12:25] Scrollable result sets: enabled
[2013-12-26|16:12:25] JDBC3 getGeneratedKeys(): enabled
[2013-12-26|16:12:25] Connection release mode: on_close
[2013-12-26|16:12:25] Maximum outer join fetch depth: 2
[2013-12-26|16:12:25] Default batch fetch size: 1
[2013-12-26|16:12:25] Generate SQL with comments: disabled
[2013-12-26|16:12:25] Order SQL updates by primary key: disabled
[2013-12-26|16:12:25] Order SQL inserts for batching: disabled
[2013-12-26|16:12:25] Query translator: org.hibernate.hql.ast.ASTQueryTranslatorFactory
[2013-12-26|16:12:25] Using ASTQueryTranslatorFactory
[2013-12-26|16:12:25] Query language substitutions: {}
[2013-12-26|16:12:25] JPA-QL strict compliance: disabled
[2013-12-26|16:12:25] Second-level cache: disabled
[2013-12-26|16:12:25] Query cache: disabled
[2013-12-26|16:12:25] Optimize cache for minimal puts: disabled
[2013-12-26|16:12:25] Structured second-level cache entries: disabled
[2013-12-26|16:12:25] Statistics: disabled
[2013-12-26|16:12:25] Deleted entity synthetic identifier rollback: disabled
[2013-12-26|16:12:25] Default entity-mode: pojo
[2013-12-26|16:12:25] Named query checking : enabled
[2013-12-26|16:12:25] building session factory
[2013-12-26|16:12:25] Not binding factory to JNDI, no JNDI name configured
[2013-12-26|16:12:25] configuring from url: file:/I:/Workspace-Server/WYD-GetGameInfo/bin/hibernate.cfg_world.xml
[2013-12-26|16:12:25] Configured SessionFactory: null
[2013-12-26|16:12:25] Building new Hibernate SessionFactory
[2013-12-26|16:12:25] Binding entity from annotated class: com.wyd.rolequery.bean.Player
[2013-12-26|16:12:25] Bind entity com.wyd.rolequery.bean.Player on table tab_player
[2013-12-26|16:12:25] Binding entity from annotated class: com.wyd.rolequery.bean.PlayerBill
[2013-12-26|16:12:25] Bind entity com.wyd.rolequery.bean.PlayerBill on table log_playerbill
[2013-12-26|16:12:25] Binding entity from annotated class: com.wyd.rolequery.bean.PlayerOnline
[2013-12-26|16:12:25] Bind entity com.wyd.rolequery.bean.PlayerOnline on table log_playeronline
[2013-12-26|16:12:25] Hibernate Validator not found: ignoring
[2013-12-26|16:12:25] Initializing connection provider: org.springframework.orm.hibernate3.LocalDataSourceConnectionProvider
[2013-12-26|16:12:26] RDBMS: MySQL, version: 5.0.95-log
[2013-12-26|16:12:26] JDBC driver: MySQL-AB JDBC Driver, version: mysql-connector-java-5.0.8 ( Revision: ${svn.Revision} )
[2013-12-26|16:12:26] Using dialect: com.wyd.db.hibernate.CustomSQLDialect
[2013-12-26|16:12:26] Using default transaction strategy (direct JDBC transactions)
[2013-12-26|16:12:26] No TransactionManagerLookup configured (in JTA environment, use of read-write or transactional second-level cache is not recommended)
[2013-12-26|16:12:26] Automatic flush during beforeCompletion(): disabled
[2013-12-26|16:12:26] Automatic session close at end of transaction: disabled
[2013-12-26|16:12:26] JDBC batch size: 15
[2013-12-26|16:12:26] JDBC batch updates for versioned data: disabled
[2013-12-26|16:12:26] Scrollable result sets: enabled
[2013-12-26|16:12:26] JDBC3 getGeneratedKeys(): enabled
[2013-12-26|16:12:26] Connection release mode: on_close
[2013-12-26|16:12:26] Maximum outer join fetch depth: 2
[2013-12-26|16:12:26] Default batch fetch size: 1
[2013-12-26|16:12:26] Generate SQL with comments: disabled
[2013-12-26|16:12:26] Order SQL updates by primary key: disabled
[2013-12-26|16:12:26] Order SQL inserts for batching: disabled
[2013-12-26|16:12:26] Query translator: org.hibernate.hql.ast.ASTQueryTranslatorFactory
[2013-12-26|16:12:26] Using ASTQueryTranslatorFactory
[2013-12-26|16:12:26] Query language substitutions: {}
[2013-12-26|16:12:26] JPA-QL strict compliance: disabled
[2013-12-26|16:12:26] Second-level cache: disabled
[2013-12-26|16:12:26] Query cache: disabled
[2013-12-26|16:12:26] Optimize cache for minimal puts: disabled
[2013-12-26|16:12:26] Structured second-level cache entries: disabled
[2013-12-26|16:12:26] Statistics: disabled
[2013-12-26|16:12:26] Deleted entity synthetic identifier rollback: disabled
[2013-12-26|16:12:26] Default entity-mode: pojo
[2013-12-26|16:12:26] Named query checking : enabled
[2013-12-26|16:12:26] building session factory
[2013-12-26|16:12:26] Not binding factory to JNDI, no JNDI name configured
[2013-12-26|16:12:26] Using DataSource [org.apache.commons.dbcp.BasicDataSource@1f2ae62] of Hibernate SessionFactory for HibernateTransactionManager
[2013-12-26|16:12:26] Using DataSource [org.apache.commons.dbcp.BasicDataSource@196c0a0] of Hibernate SessionFactory for HibernateTransactionManager
[2013-12-26|16:15:32] gameData抓取服务启动...
[2013-12-26|16:15:32] Refreshing org.springframework.context.support.ClassPathXmlApplicationContext@1c05ffd: display name [org.springframework.context.support.ClassPathXmlApplicationContext@1c05ffd]; startup date [Thu Dec 26 16:15:32 CST 2013]; root of context hierarchy
[2013-12-26|16:15:32] Loading XML bean definitions from class path resource [applicationContext.xml]
[2013-12-26|16:15:32] Bean factory for application context [org.springframework.context.support.ClassPathXmlApplicationContext@1c05ffd]: org.springframework.beans.factory.support.DefaultListableBeanFactory@650892
[2013-12-26|16:15:32] Pre-instantiating singletons in org.springframework.beans.factory.support.DefaultListableBeanFactory@650892: defining beans [AccountDataSource,WorldDataSource,HibernateProperties,AccountSessionFactory,WorldSessionFactory,AccountTransactionManager,WorldTransactionManager,AccountBaseTransactionProxy,WorldBaseTransactionProxy,AccountService,WorldService]; root of factory hierarchy
[2013-12-26|16:15:32] Hibernate Annotations 3.3.0.GA
[2013-12-26|16:15:32] Hibernate 3.2.6
[2013-12-26|16:15:32] hibernate.properties not found
[2013-12-26|16:15:32] Bytecode provider name : cglib
[2013-12-26|16:15:32] using JDK 1.4 java.sql.Timestamp handling
[2013-12-26|16:15:32] configuring from url: file:/I:/Workspace-Server/WYD-GetGameInfo/bin/hibernate.cfg_account.xml
[2013-12-26|16:15:32] Configured SessionFactory: null
[2013-12-26|16:15:32] Building new Hibernate SessionFactory
[2013-12-26|16:15:32] Binding entity from annotated class: com.wyd.rolequery.bean.Empireaccount
[2013-12-26|16:15:32] Bind entity com.wyd.rolequery.bean.Empireaccount on table tab_empireaccount
[2013-12-26|16:15:33] Binding entity from annotated class: com.wyd.rolequery.bean.Account
[2013-12-26|16:15:33] Bind entity com.wyd.rolequery.bean.Account on table tab_account
[2013-12-26|16:15:33] Hibernate Validator not found: ignoring
[2013-12-26|16:15:33] Initializing connection provider: org.springframework.orm.hibernate3.LocalDataSourceConnectionProvider
[2013-12-26|16:15:34] RDBMS: MySQL, version: 5.0.95-log
[2013-12-26|16:15:34] JDBC driver: MySQL-AB JDBC Driver, version: mysql-connector-java-5.0.8 ( Revision: ${svn.Revision} )
[2013-12-26|16:15:34] Using dialect: com.wyd.db.hibernate.CustomSQLDialect
[2013-12-26|16:15:34] Using default transaction strategy (direct JDBC transactions)
[2013-12-26|16:15:34] No TransactionManagerLookup configured (in JTA environment, use of read-write or transactional second-level cache is not recommended)
[2013-12-26|16:15:34] Automatic flush during beforeCompletion(): disabled
[2013-12-26|16:15:34] Automatic session close at end of transaction: disabled
[2013-12-26|16:15:34] JDBC batch size: 15
[2013-12-26|16:15:34] JDBC batch updates for versioned data: disabled
[2013-12-26|16:15:34] Scrollable result sets: enabled
[2013-12-26|16:15:34] JDBC3 getGeneratedKeys(): enabled
[2013-12-26|16:15:34] Connection release mode: on_close
[2013-12-26|16:15:34] Maximum outer join fetch depth: 2
[2013-12-26|16:15:34] Default batch fetch size: 1
[2013-12-26|16:15:34] Generate SQL with comments: disabled
[2013-12-26|16:15:34] Order SQL updates by primary key: disabled
[2013-12-26|16:15:34] Order SQL inserts for batching: disabled
[2013-12-26|16:15:34] Query translator: org.hibernate.hql.ast.ASTQueryTranslatorFactory
[2013-12-26|16:15:34] Using ASTQueryTranslatorFactory
[2013-12-26|16:15:34] Query language substitutions: {}
[2013-12-26|16:15:34] JPA-QL strict compliance: disabled
[2013-12-26|16:15:34] Second-level cache: disabled
[2013-12-26|16:15:34] Query cache: disabled
[2013-12-26|16:15:34] Optimize cache for minimal puts: disabled
[2013-12-26|16:15:34] Structured second-level cache entries: disabled
[2013-12-26|16:15:34] Statistics: disabled
[2013-12-26|16:15:34] Deleted entity synthetic identifier rollback: disabled
[2013-12-26|16:15:34] Default entity-mode: pojo
[2013-12-26|16:15:34] Named query checking : enabled
[2013-12-26|16:15:34] building session factory
[2013-12-26|16:15:34] Not binding factory to JNDI, no JNDI name configured
[2013-12-26|16:15:34] configuring from url: file:/I:/Workspace-Server/WYD-GetGameInfo/bin/hibernate.cfg_world.xml
[2013-12-26|16:15:34] Configured SessionFactory: null
[2013-12-26|16:15:34] Building new Hibernate SessionFactory
[2013-12-26|16:15:34] Binding entity from annotated class: com.wyd.rolequery.bean.Player
[2013-12-26|16:15:34] Bind entity com.wyd.rolequery.bean.Player on table tab_player
[2013-12-26|16:15:34] Binding entity from annotated class: com.wyd.rolequery.bean.PlayerBill
[2013-12-26|16:15:34] Bind entity com.wyd.rolequery.bean.PlayerBill on table log_playerbill
[2013-12-26|16:15:34] Binding entity from annotated class: com.wyd.rolequery.bean.PlayerOnline
[2013-12-26|16:15:34] Bind entity com.wyd.rolequery.bean.PlayerOnline on table log_playeronline
[2013-12-26|16:15:34] Hibernate Validator not found: ignoring
[2013-12-26|16:15:34] Initializing connection provider: org.springframework.orm.hibernate3.LocalDataSourceConnectionProvider
[2013-12-26|16:15:35] RDBMS: MySQL, version: 5.0.95-log
[2013-12-26|16:15:35] JDBC driver: MySQL-AB JDBC Driver, version: mysql-connector-java-5.0.8 ( Revision: ${svn.Revision} )
[2013-12-26|16:15:35] Using dialect: com.wyd.db.hibernate.CustomSQLDialect
[2013-12-26|16:15:35] Using default transaction strategy (direct JDBC transactions)
[2013-12-26|16:15:35] No TransactionManagerLookup configured (in JTA environment, use of read-write or transactional second-level cache is not recommended)
[2013-12-26|16:15:35] Automatic flush during beforeCompletion(): disabled
[2013-12-26|16:15:35] Automatic session close at end of transaction: disabled
[2013-12-26|16:15:35] JDBC batch size: 15
[2013-12-26|16:15:35] JDBC batch updates for versioned data: disabled
[2013-12-26|16:15:35] Scrollable result sets: enabled
[2013-12-26|16:15:35] JDBC3 getGeneratedKeys(): enabled
[2013-12-26|16:15:35] Connection release mode: on_close
[2013-12-26|16:15:35] Maximum outer join fetch depth: 2
[2013-12-26|16:15:35] Default batch fetch size: 1
[2013-12-26|16:15:35] Generate SQL with comments: disabled
[2013-12-26|16:15:35] Order SQL updates by primary key: disabled
[2013-12-26|16:15:35] Order SQL inserts for batching: disabled
[2013-12-26|16:15:35] Query translator: org.hibernate.hql.ast.ASTQueryTranslatorFactory
[2013-12-26|16:15:35] Using ASTQueryTranslatorFactory
[2013-12-26|16:15:35] Query language substitutions: {}
[2013-12-26|16:15:35] JPA-QL strict compliance: disabled
[2013-12-26|16:15:35] Second-level cache: disabled
[2013-12-26|16:15:35] Query cache: disabled
[2013-12-26|16:15:35] Optimize cache for minimal puts: disabled
[2013-12-26|16:15:35] Structured second-level cache entries: disabled
[2013-12-26|16:15:35] Statistics: disabled
[2013-12-26|16:15:35] Deleted entity synthetic identifier rollback: disabled
[2013-12-26|16:15:35] Default entity-mode: pojo
[2013-12-26|16:15:35] Named query checking : enabled
[2013-12-26|16:15:35] building session factory
[2013-12-26|16:15:35] Not binding factory to JNDI, no JNDI name configured
[2013-12-26|16:15:35] Using DataSource [org.apache.commons.dbcp.BasicDataSource@40578d] of Hibernate SessionFactory for HibernateTransactionManager
[2013-12-26|16:15:35] Using DataSource [org.apache.commons.dbcp.BasicDataSource@33f45e] of Hibernate SessionFactory for HibernateTransactionManager
[2013-12-26|16:38:55] gameData抓取服务启动...
[2013-12-26|16:38:55] Refreshing org.springframework.context.support.ClassPathXmlApplicationContext@f11404: display name [org.springframework.context.support.ClassPathXmlApplicationContext@f11404]; startup date [Thu Dec 26 16:38:55 CST 2013]; root of context hierarchy
[2013-12-26|16:38:55] Loading XML bean definitions from class path resource [applicationContext.xml]
[2013-12-26|16:38:55] Bean factory for application context [org.springframework.context.support.ClassPathXmlApplicationContext@f11404]: org.springframework.beans.factory.support.DefaultListableBeanFactory@1fe1feb
[2013-12-26|16:38:55] Pre-instantiating singletons in org.springframework.beans.factory.support.DefaultListableBeanFactory@1fe1feb: defining beans [AccountDataSource,WorldDataSource,HibernateProperties,AccountSessionFactory,WorldSessionFactory,AccountTransactionManager,WorldTransactionManager,AccountBaseTransactionProxy,WorldBaseTransactionProxy,AccountService,WorldService]; root of factory hierarchy
[2013-12-26|16:38:55] Hibernate Annotations 3.3.0.GA
[2013-12-26|16:38:55] Hibernate 3.2.6
[2013-12-26|16:38:55] hibernate.properties not found
[2013-12-26|16:38:55] Bytecode provider name : cglib
[2013-12-26|16:38:55] using JDK 1.4 java.sql.Timestamp handling
[2013-12-26|16:38:55] configuring from url: file:/I:/Workspace-Server/WYD-GetGameInfo/bin/hibernate.cfg_account.xml
[2013-12-26|16:38:55] Configured SessionFactory: null
[2013-12-26|16:38:55] Building new Hibernate SessionFactory
[2013-12-26|16:38:55] Binding entity from annotated class: com.wyd.rolequery.bean.Empireaccount
[2013-12-26|16:38:55] Bind entity com.wyd.rolequery.bean.Empireaccount on table tab_empireaccount
[2013-12-26|16:38:55] Binding entity from annotated class: com.wyd.rolequery.bean.Account
[2013-12-26|16:38:55] Bind entity com.wyd.rolequery.bean.Account on table tab_account
[2013-12-26|16:38:55] Hibernate Validator not found: ignoring
[2013-12-26|16:38:55] Initializing connection provider: org.springframework.orm.hibernate3.LocalDataSourceConnectionProvider
[2013-12-26|16:38:56] RDBMS: MySQL, version: 5.0.95-log
[2013-12-26|16:38:56] JDBC driver: MySQL-AB JDBC Driver, version: mysql-connector-java-5.0.8 ( Revision: ${svn.Revision} )
[2013-12-26|16:38:56] Using dialect: com.wyd.db.hibernate.CustomSQLDialect
[2013-12-26|16:38:56] Using default transaction strategy (direct JDBC transactions)
[2013-12-26|16:38:56] No TransactionManagerLookup configured (in JTA environment, use of read-write or transactional second-level cache is not recommended)
[2013-12-26|16:38:56] Automatic flush during beforeCompletion(): disabled
[2013-12-26|16:38:56] Automatic session close at end of transaction: disabled
[2013-12-26|16:38:56] JDBC batch size: 15
[2013-12-26|16:38:56] JDBC batch updates for versioned data: disabled
[2013-12-26|16:38:56] Scrollable result sets: enabled
[2013-12-26|16:38:56] JDBC3 getGeneratedKeys(): enabled
[2013-12-26|16:38:56] Connection release mode: on_close
[2013-12-26|16:38:56] Maximum outer join fetch depth: 2
[2013-12-26|16:38:56] Default batch fetch size: 1
[2013-12-26|16:38:56] Generate SQL with comments: disabled
[2013-12-26|16:38:56] Order SQL updates by primary key: disabled
[2013-12-26|16:38:56] Order SQL inserts for batching: disabled
[2013-12-26|16:38:56] Query translator: org.hibernate.hql.ast.ASTQueryTranslatorFactory
[2013-12-26|16:38:56] Using ASTQueryTranslatorFactory
[2013-12-26|16:38:56] Query language substitutions: {}
[2013-12-26|16:38:56] JPA-QL strict compliance: disabled
[2013-12-26|16:38:56] Second-level cache: disabled
[2013-12-26|16:38:56] Query cache: disabled
[2013-12-26|16:38:56] Optimize cache for minimal puts: disabled
[2013-12-26|16:38:56] Structured second-level cache entries: disabled
[2013-12-26|16:38:56] Statistics: disabled
[2013-12-26|16:38:56] Deleted entity synthetic identifier rollback: disabled
[2013-12-26|16:38:56] Default entity-mode: pojo
[2013-12-26|16:38:56] Named query checking : enabled
[2013-12-26|16:38:56] building session factory
[2013-12-26|16:38:57] Not binding factory to JNDI, no JNDI name configured
[2013-12-26|16:38:57] configuring from url: file:/I:/Workspace-Server/WYD-GetGameInfo/bin/hibernate.cfg_world.xml
[2013-12-26|16:38:57] Configured SessionFactory: null
[2013-12-26|16:38:57] Building new Hibernate SessionFactory
[2013-12-26|16:38:57] Binding entity from annotated class: com.wyd.rolequery.bean.Player
[2013-12-26|16:38:57] Bind entity com.wyd.rolequery.bean.Player on table tab_player
[2013-12-26|16:38:57] Binding entity from annotated class: com.wyd.rolequery.bean.PlayerBill
[2013-12-26|16:38:57] Bind entity com.wyd.rolequery.bean.PlayerBill on table log_playerbill
[2013-12-26|16:38:57] Binding entity from annotated class: com.wyd.rolequery.bean.PlayerOnline
[2013-12-26|16:38:57] Bind entity com.wyd.rolequery.bean.PlayerOnline on table log_playeronline
[2013-12-26|16:38:57] Hibernate Validator not found: ignoring
[2013-12-26|16:38:57] Initializing connection provider: org.springframework.orm.hibernate3.LocalDataSourceConnectionProvider
[2013-12-26|16:38:58] RDBMS: MySQL, version: 5.0.95-log
[2013-12-26|16:38:58] JDBC driver: MySQL-AB JDBC Driver, version: mysql-connector-java-5.0.8 ( Revision: ${svn.Revision} )
[2013-12-26|16:38:58] Using dialect: com.wyd.db.hibernate.CustomSQLDialect
[2013-12-26|16:38:58] Using default transaction strategy (direct JDBC transactions)
[2013-12-26|16:38:58] No TransactionManagerLookup configured (in JTA environment, use of read-write or transactional second-level cache is not recommended)
[2013-12-26|16:38:58] Automatic flush during beforeCompletion(): disabled
[2013-12-26|16:38:58] Automatic session close at end of transaction: disabled
[2013-12-26|16:38:58] JDBC batch size: 15
[2013-12-26|16:38:58] JDBC batch updates for versioned data: disabled
[2013-12-26|16:38:58] Scrollable result sets: enabled
[2013-12-26|16:38:58] JDBC3 getGeneratedKeys(): enabled
[2013-12-26|16:38:58] Connection release mode: on_close
[2013-12-26|16:38:58] Maximum outer join fetch depth: 2
[2013-12-26|16:38:58] Default batch fetch size: 1
[2013-12-26|16:38:58] Generate SQL with comments: disabled
[2013-12-26|16:38:58] Order SQL updates by primary key: disabled
[2013-12-26|16:38:58] Order SQL inserts for batching: disabled
[2013-12-26|16:38:58] Query translator: org.hibernate.hql.ast.ASTQueryTranslatorFactory
[2013-12-26|16:38:58] Using ASTQueryTranslatorFactory
[2013-12-26|16:38:58] Query language substitutions: {}
[2013-12-26|16:38:58] JPA-QL strict compliance: disabled
[2013-12-26|16:38:58] Second-level cache: disabled
[2013-12-26|16:38:58] Query cache: disabled
[2013-12-26|16:38:58] Optimize cache for minimal puts: disabled
[2013-12-26|16:38:58] Structured second-level cache entries: disabled
[2013-12-26|16:38:58] Statistics: disabled
[2013-12-26|16:38:58] Deleted entity synthetic identifier rollback: disabled
[2013-12-26|16:38:58] Default entity-mode: pojo
[2013-12-26|16:38:58] Named query checking : enabled
[2013-12-26|16:38:58] building session factory
[2013-12-26|16:38:58] Not binding factory to JNDI, no JNDI name configured
[2013-12-26|16:38:58] Using DataSource [org.apache.commons.dbcp.BasicDataSource@1955970] of Hibernate SessionFactory for HibernateTransactionManager
[2013-12-26|16:38:58] Using DataSource [org.apache.commons.dbcp.BasicDataSource@22ce00] of Hibernate SessionFactory for HibernateTransactionManager
[2013-12-26|16:45:44] gameData抓取服务启动...
[2013-12-26|16:45:44] Refreshing org.springframework.context.support.ClassPathXmlApplicationContext@1543c88: display name [org.springframework.context.support.ClassPathXmlApplicationContext@1543c88]; startup date [Thu Dec 26 16:45:44 CST 2013]; root of context hierarchy
[2013-12-26|16:45:44] Loading XML bean definitions from class path resource [applicationContext.xml]
[2013-12-26|16:45:44] Bean factory for application context [org.springframework.context.support.ClassPathXmlApplicationContext@1543c88]: org.springframework.beans.factory.support.DefaultListableBeanFactory@1d62270
[2013-12-26|16:45:44] Pre-instantiating singletons in org.springframework.beans.factory.support.DefaultListableBeanFactory@1d62270: defining beans [AccountDataSource,WorldDataSource,HibernateProperties,AccountSessionFactory,WorldSessionFactory,AccountTransactionManager,WorldTransactionManager,AccountBaseTransactionProxy,WorldBaseTransactionProxy,AccountService,WorldService]; root of factory hierarchy
[2013-12-26|16:45:45] Hibernate Annotations 3.3.0.GA
[2013-12-26|16:45:45] Hibernate 3.2.6
[2013-12-26|16:45:45] hibernate.properties not found
[2013-12-26|16:45:45] Bytecode provider name : cglib
[2013-12-26|16:45:45] using JDK 1.4 java.sql.Timestamp handling
[2013-12-26|16:45:45] configuring from url: file:/I:/Workspace-Server/WYD-GetGameInfo/bin/hibernate.cfg_account.xml
[2013-12-26|16:45:45] Configured SessionFactory: null
[2013-12-26|16:45:45] Building new Hibernate SessionFactory
[2013-12-26|16:45:45] Binding entity from annotated class: com.wyd.rolequery.bean.Empireaccount
[2013-12-26|16:45:45] Bind entity com.wyd.rolequery.bean.Empireaccount on table tab_empireaccount
[2013-12-26|16:45:45] Binding entity from annotated class: com.wyd.rolequery.bean.Account
[2013-12-26|16:45:45] Bind entity com.wyd.rolequery.bean.Account on table tab_account
[2013-12-26|16:45:45] Hibernate Validator not found: ignoring
[2013-12-26|16:45:45] Initializing connection provider: org.springframework.orm.hibernate3.LocalDataSourceConnectionProvider
[2013-12-26|16:45:46] RDBMS: MySQL, version: 5.0.95-log
[2013-12-26|16:45:46] JDBC driver: MySQL-AB JDBC Driver, version: mysql-connector-java-5.0.8 ( Revision: ${svn.Revision} )
[2013-12-26|16:45:46] Using dialect: com.wyd.db.hibernate.CustomSQLDialect
[2013-12-26|16:45:46] Using default transaction strategy (direct JDBC transactions)
[2013-12-26|16:45:46] No TransactionManagerLookup configured (in JTA environment, use of read-write or transactional second-level cache is not recommended)
[2013-12-26|16:45:46] Automatic flush during beforeCompletion(): disabled
[2013-12-26|16:45:46] Automatic session close at end of transaction: disabled
[2013-12-26|16:45:46] JDBC batch size: 15
[2013-12-26|16:45:46] JDBC batch updates for versioned data: disabled
[2013-12-26|16:45:46] Scrollable result sets: enabled
[2013-12-26|16:45:46] JDBC3 getGeneratedKeys(): enabled
[2013-12-26|16:45:46] Connection release mode: on_close
[2013-12-26|16:45:46] Maximum outer join fetch depth: 2
[2013-12-26|16:45:46] Default batch fetch size: 1
[2013-12-26|16:45:46] Generate SQL with comments: disabled
[2013-12-26|16:45:46] Order SQL updates by primary key: disabled
[2013-12-26|16:45:46] Order SQL inserts for batching: disabled
[2013-12-26|16:45:46] Query translator: org.hibernate.hql.ast.ASTQueryTranslatorFactory
[2013-12-26|16:45:46] Using ASTQueryTranslatorFactory
[2013-12-26|16:45:46] Query language substitutions: {}
[2013-12-26|16:45:46] JPA-QL strict compliance: disabled
[2013-12-26|16:45:46] Second-level cache: disabled
[2013-12-26|16:45:46] Query cache: disabled
[2013-12-26|16:45:46] Optimize cache for minimal puts: disabled
[2013-12-26|16:45:46] Structured second-level cache entries: disabled
[2013-12-26|16:45:46] Statistics: disabled
[2013-12-26|16:45:46] Deleted entity synthetic identifier rollback: disabled
[2013-12-26|16:45:46] Default entity-mode: pojo
[2013-12-26|16:45:46] Named query checking : enabled
[2013-12-26|16:45:46] building session factory
[2013-12-26|16:45:46] Not binding factory to JNDI, no JNDI name configured
[2013-12-26|16:45:46] configuring from url: file:/I:/Workspace-Server/WYD-GetGameInfo/bin/hibernate.cfg_world.xml
[2013-12-26|16:45:46] Configured SessionFactory: null
[2013-12-26|16:45:46] Building new Hibernate SessionFactory
[2013-12-26|16:45:46] Binding entity from annotated class: com.wyd.rolequery.bean.Player
[2013-12-26|16:45:46] Bind entity com.wyd.rolequery.bean.Player on table tab_player
[2013-12-26|16:45:46] Binding entity from annotated class: com.wyd.rolequery.bean.PlayerBill
[2013-12-26|16:45:46] Bind entity com.wyd.rolequery.bean.PlayerBill on table log_playerbill
[2013-12-26|16:45:46] Binding entity from annotated class: com.wyd.rolequery.bean.PlayerOnline
[2013-12-26|16:45:46] Bind entity com.wyd.rolequery.bean.PlayerOnline on table log_playeronline
[2013-12-26|16:45:46] Hibernate Validator not found: ignoring
[2013-12-26|16:45:46] Initializing connection provider: org.springframework.orm.hibernate3.LocalDataSourceConnectionProvider
[2013-12-26|16:45:47] RDBMS: MySQL, version: 5.0.95-log
[2013-12-26|16:45:47] JDBC driver: MySQL-AB JDBC Driver, version: mysql-connector-java-5.0.8 ( Revision: ${svn.Revision} )
[2013-12-26|16:45:47] Using dialect: com.wyd.db.hibernate.CustomSQLDialect
[2013-12-26|16:45:47] Using default transaction strategy (direct JDBC transactions)
[2013-12-26|16:45:47] No TransactionManagerLookup configured (in JTA environment, use of read-write or transactional second-level cache is not recommended)
[2013-12-26|16:45:47] Automatic flush during beforeCompletion(): disabled
[2013-12-26|16:45:47] Automatic session close at end of transaction: disabled
[2013-12-26|16:45:47] JDBC batch size: 15
[2013-12-26|16:45:47] JDBC batch updates for versioned data: disabled
[2013-12-26|16:45:47] Scrollable result sets: enabled
[2013-12-26|16:45:47] JDBC3 getGeneratedKeys(): enabled
[2013-12-26|16:45:47] Connection release mode: on_close
[2013-12-26|16:45:47] Maximum outer join fetch depth: 2
[2013-12-26|16:45:47] Default batch fetch size: 1
[2013-12-26|16:45:47] Generate SQL with comments: disabled
[2013-12-26|16:45:47] Order SQL updates by primary key: disabled
[2013-12-26|16:45:47] Order SQL inserts for batching: disabled
[2013-12-26|16:45:47] Query translator: org.hibernate.hql.ast.ASTQueryTranslatorFactory
[2013-12-26|16:45:47] Using ASTQueryTranslatorFactory
[2013-12-26|16:45:47] Query language substitutions: {}
[2013-12-26|16:45:47] JPA-QL strict compliance: disabled
[2013-12-26|16:45:47] Second-level cache: disabled
[2013-12-26|16:45:47] Query cache: disabled
[2013-12-26|16:45:47] Optimize cache for minimal puts: disabled
[2013-12-26|16:45:47] Structured second-level cache entries: disabled
[2013-12-26|16:45:47] Statistics: disabled
[2013-12-26|16:45:47] Deleted entity synthetic identifier rollback: disabled
[2013-12-26|16:45:47] Default entity-mode: pojo
[2013-12-26|16:45:47] Named query checking : enabled
[2013-12-26|16:45:47] building session factory
[2013-12-26|16:45:47] Not binding factory to JNDI, no JNDI name configured
[2013-12-26|16:45:47] Using DataSource [org.apache.commons.dbcp.BasicDataSource@17cd15d] of Hibernate SessionFactory for HibernateTransactionManager
[2013-12-26|16:45:47] Using DataSource [org.apache.commons.dbcp.BasicDataSource@1955970] of Hibernate SessionFactory for HibernateTransactionManager
[2013-12-26|16:47:24] gameData抓取服务启动...
[2013-12-26|16:47:25] Refreshing org.springframework.context.support.ClassPathXmlApplicationContext@1543c88: display name [org.springframework.context.support.ClassPathXmlApplicationContext@1543c88]; startup date [Thu Dec 26 16:47:25 CST 2013]; root of context hierarchy
[2013-12-26|16:47:25] Loading XML bean definitions from class path resource [applicationContext.xml]
[2013-12-26|16:47:25] Bean factory for application context [org.springframework.context.support.ClassPathXmlApplicationContext@1543c88]: org.springframework.beans.factory.support.DefaultListableBeanFactory@16f0be8
[2013-12-26|16:47:25] Pre-instantiating singletons in org.springframework.beans.factory.support.DefaultListableBeanFactory@16f0be8: defining beans [AccountDataSource,WorldDataSource,HibernateProperties,AccountSessionFactory,WorldSessionFactory,AccountTransactionManager,WorldTransactionManager,AccountBaseTransactionProxy,WorldBaseTransactionProxy,AccountService,WorldService]; root of factory hierarchy
[2013-12-26|16:47:25] Hibernate Annotations 3.3.0.GA
[2013-12-26|16:47:25] Hibernate 3.2.6
[2013-12-26|16:47:25] hibernate.properties not found
[2013-12-26|16:47:25] Bytecode provider name : cglib
[2013-12-26|16:47:25] using JDK 1.4 java.sql.Timestamp handling
[2013-12-26|16:47:25] configuring from url: file:/I:/Workspace-Server/WYD-GetGameInfo/bin/hibernate.cfg_account.xml
[2013-12-26|16:47:25] Configured SessionFactory: null
[2013-12-26|16:47:25] Building new Hibernate SessionFactory
[2013-12-26|16:47:25] Binding entity from annotated class: com.wyd.rolequery.bean.Empireaccount
[2013-12-26|16:47:25] Bind entity com.wyd.rolequery.bean.Empireaccount on table tab_empireaccount
[2013-12-26|16:47:25] Binding entity from annotated class: com.wyd.rolequery.bean.Account
[2013-12-26|16:47:25] Bind entity com.wyd.rolequery.bean.Account on table tab_account
[2013-12-26|16:47:25] Hibernate Validator not found: ignoring
[2013-12-26|16:47:25] Initializing connection provider: org.springframework.orm.hibernate3.LocalDataSourceConnectionProvider
[2013-12-26|16:47:27] RDBMS: MySQL, version: 5.0.95-log
[2013-12-26|16:47:27] JDBC driver: MySQL-AB JDBC Driver, version: mysql-connector-java-5.0.8 ( Revision: ${svn.Revision} )
[2013-12-26|16:47:27] Using dialect: com.wyd.db.hibernate.CustomSQLDialect
[2013-12-26|16:47:27] Using default transaction strategy (direct JDBC transactions)
[2013-12-26|16:47:27] No TransactionManagerLookup configured (in JTA environment, use of read-write or transactional second-level cache is not recommended)
[2013-12-26|16:47:27] Automatic flush during beforeCompletion(): disabled
[2013-12-26|16:47:27] Automatic session close at end of transaction: disabled
[2013-12-26|16:47:27] JDBC batch size: 15
[2013-12-26|16:47:27] JDBC batch updates for versioned data: disabled
[2013-12-26|16:47:27] Scrollable result sets: enabled
[2013-12-26|16:47:27] JDBC3 getGeneratedKeys(): enabled
[2013-12-26|16:47:27] Connection release mode: on_close
[2013-12-26|16:47:27] Maximum outer join fetch depth: 2
[2013-12-26|16:47:27] Default batch fetch size: 1
[2013-12-26|16:47:27] Generate SQL with comments: disabled
[2013-12-26|16:47:27] Order SQL updates by primary key: disabled
[2013-12-26|16:47:27] Order SQL inserts for batching: disabled
[2013-12-26|16:47:27] Query translator: org.hibernate.hql.ast.ASTQueryTranslatorFactory
[2013-12-26|16:47:27] Using ASTQueryTranslatorFactory
[2013-12-26|16:47:27] Query language substitutions: {}
[2013-12-26|16:47:27] JPA-QL strict compliance: disabled
[2013-12-26|16:47:27] Second-level cache: disabled
[2013-12-26|16:47:27] Query cache: disabled
[2013-12-26|16:47:27] Optimize cache for minimal puts: disabled
[2013-12-26|16:47:27] Structured second-level cache entries: disabled
[2013-12-26|16:47:27] Statistics: disabled
[2013-12-26|16:47:27] Deleted entity synthetic identifier rollback: disabled
[2013-12-26|16:47:27] Default entity-mode: pojo
[2013-12-26|16:47:27] Named query checking : enabled
[2013-12-26|16:47:27] building session factory
[2013-12-26|16:47:28] Not binding factory to JNDI, no JNDI name configured
[2013-12-26|16:47:28] configuring from url: file:/I:/Workspace-Server/WYD-GetGameInfo/bin/hibernate.cfg_world.xml
[2013-12-26|16:47:28] Configured SessionFactory: null
[2013-12-26|16:47:28] Building new Hibernate SessionFactory
[2013-12-26|16:47:28] Binding entity from annotated class: com.wyd.rolequery.bean.Player
[2013-12-26|16:47:28] Bind entity com.wyd.rolequery.bean.Player on table tab_player
[2013-12-26|16:47:28] Binding entity from annotated class: com.wyd.rolequery.bean.PlayerBill
[2013-12-26|16:47:28] Bind entity com.wyd.rolequery.bean.PlayerBill on table log_playerbill
[2013-12-26|16:47:28] Binding entity from annotated class: com.wyd.rolequery.bean.PlayerOnline
[2013-12-26|16:47:28] Bind entity com.wyd.rolequery.bean.PlayerOnline on table log_playeronline
[2013-12-26|16:47:28] Hibernate Validator not found: ignoring
[2013-12-26|16:47:28] Initializing connection provider: org.springframework.orm.hibernate3.LocalDataSourceConnectionProvider
[2013-12-26|16:47:29] RDBMS: MySQL, version: 5.0.95-log
[2013-12-26|16:47:29] JDBC driver: MySQL-AB JDBC Driver, version: mysql-connector-java-5.0.8 ( Revision: ${svn.Revision} )
[2013-12-26|16:47:29] Using dialect: com.wyd.db.hibernate.CustomSQLDialect
[2013-12-26|16:47:29] Using default transaction strategy (direct JDBC transactions)
[2013-12-26|16:47:29] No TransactionManagerLookup configured (in JTA environment, use of read-write or transactional second-level cache is not recommended)
[2013-12-26|16:47:29] Automatic flush during beforeCompletion(): disabled
[2013-12-26|16:47:29] Automatic session close at end of transaction: disabled
[2013-12-26|16:47:29] JDBC batch size: 15
[2013-12-26|16:47:29] JDBC batch updates for versioned data: disabled
[2013-12-26|16:47:29] Scrollable result sets: enabled
[2013-12-26|16:47:29] JDBC3 getGeneratedKeys(): enabled
[2013-12-26|16:47:29] Connection release mode: on_close
[2013-12-26|16:47:29] Maximum outer join fetch depth: 2
[2013-12-26|16:47:29] Default batch fetch size: 1
[2013-12-26|16:47:29] Generate SQL with comments: disabled
[2013-12-26|16:47:29] Order SQL updates by primary key: disabled
[2013-12-26|16:47:29] Order SQL inserts for batching: disabled
[2013-12-26|16:47:29] Query translator: org.hibernate.hql.ast.ASTQueryTranslatorFactory
[2013-12-26|16:47:29] Using ASTQueryTranslatorFactory
[2013-12-26|16:47:29] Query language substitutions: {}
[2013-12-26|16:47:29] JPA-QL strict compliance: disabled
[2013-12-26|16:47:29] Second-level cache: disabled
[2013-12-26|16:47:29] Query cache: disabled
[2013-12-26|16:47:29] Optimize cache for minimal puts: disabled
[2013-12-26|16:47:29] Structured second-level cache entries: disabled
[2013-12-26|16:47:29] Statistics: disabled
[2013-12-26|16:47:29] Deleted entity synthetic identifier rollback: disabled
[2013-12-26|16:47:29] Default entity-mode: pojo
[2013-12-26|16:47:29] Named query checking : enabled
[2013-12-26|16:47:29] building session factory
[2013-12-26|16:47:29] Not binding factory to JNDI, no JNDI name configured
[2013-12-26|16:47:29] Using DataSource [org.apache.commons.dbcp.BasicDataSource@5bf624] of Hibernate SessionFactory for HibernateTransactionManager
[2013-12-26|16:47:29] Using DataSource [org.apache.commons.dbcp.BasicDataSource@17cd15d] of Hibernate SessionFactory for HibernateTransactionManager
[2013-12-26|16:55:01] gameData抓取服务启动...
[2013-12-26|16:55:01] Refreshing org.springframework.context.support.ClassPathXmlApplicationContext@1543c88: display name [org.springframework.context.support.ClassPathXmlApplicationContext@1543c88]; startup date [Thu Dec 26 16:55:01 CST 2013]; root of context hierarchy
[2013-12-26|16:55:01] Loading XML bean definitions from class path resource [applicationContext.xml]
[2013-12-26|16:55:01] Bean factory for application context [org.springframework.context.support.ClassPathXmlApplicationContext@1543c88]: org.springframework.beans.factory.support.DefaultListableBeanFactory@e1899b
[2013-12-26|16:55:01] Pre-instantiating singletons in org.springframework.beans.factory.support.DefaultListableBeanFactory@e1899b: defining beans [AccountDataSource,WorldDataSource,HibernateProperties,AccountSessionFactory,WorldSessionFactory,AccountTransactionManager,WorldTransactionManager,AccountBaseTransactionProxy,WorldBaseTransactionProxy,AccountService,WorldService]; root of factory hierarchy
[2013-12-26|16:55:02] Hibernate Annotations 3.3.0.GA
[2013-12-26|16:55:02] Hibernate 3.2.6
[2013-12-26|16:55:02] hibernate.properties not found
[2013-12-26|16:55:02] Bytecode provider name : cglib
[2013-12-26|16:55:02] using JDK 1.4 java.sql.Timestamp handling
[2013-12-26|16:55:02] configuring from url: file:/I:/Workspace-Server/WYD-GetGameInfo/bin/hibernate.cfg_account.xml
[2013-12-26|16:55:02] Configured SessionFactory: null
[2013-12-26|16:55:02] Building new Hibernate SessionFactory
[2013-12-26|16:55:02] Binding entity from annotated class: com.wyd.rolequery.bean.Empireaccount
[2013-12-26|16:55:02] Bind entity com.wyd.rolequery.bean.Empireaccount on table tab_empireaccount
[2013-12-26|16:55:02] Binding entity from annotated class: com.wyd.rolequery.bean.Account
[2013-12-26|16:55:02] Bind entity com.wyd.rolequery.bean.Account on table tab_account
[2013-12-26|16:55:02] Hibernate Validator not found: ignoring
[2013-12-26|16:55:02] Initializing connection provider: org.springframework.orm.hibernate3.LocalDataSourceConnectionProvider
[2013-12-26|16:55:03] RDBMS: MySQL, version: 5.0.95-log
[2013-12-26|16:55:03] JDBC driver: MySQL-AB JDBC Driver, version: mysql-connector-java-5.0.8 ( Revision: ${svn.Revision} )
[2013-12-26|16:55:03] Using dialect: com.wyd.db.hibernate.CustomSQLDialect
[2013-12-26|16:55:03] Using default transaction strategy (direct JDBC transactions)
[2013-12-26|16:55:03] No TransactionManagerLookup configured (in JTA environment, use of read-write or transactional second-level cache is not recommended)
[2013-12-26|16:55:03] Automatic flush during beforeCompletion(): disabled
[2013-12-26|16:55:03] Automatic session close at end of transaction: disabled
[2013-12-26|16:55:03] JDBC batch size: 15
[2013-12-26|16:55:03] JDBC batch updates for versioned data: disabled
[2013-12-26|16:55:03] Scrollable result sets: enabled
[2013-12-26|16:55:03] JDBC3 getGeneratedKeys(): enabled
[2013-12-26|16:55:03] Connection release mode: on_close
[2013-12-26|16:55:03] Maximum outer join fetch depth: 2
[2013-12-26|16:55:03] Default batch fetch size: 1
[2013-12-26|16:55:03] Generate SQL with comments: disabled
[2013-12-26|16:55:03] Order SQL updates by primary key: disabled
[2013-12-26|16:55:03] Order SQL inserts for batching: disabled
[2013-12-26|16:55:03] Query translator: org.hibernate.hql.ast.ASTQueryTranslatorFactory
[2013-12-26|16:55:03] Using ASTQueryTranslatorFactory
[2013-12-26|16:55:03] Query language substitutions: {}
[2013-12-26|16:55:03] JPA-QL strict compliance: disabled
[2013-12-26|16:55:03] Second-level cache: disabled
[2013-12-26|16:55:03] Query cache: disabled
[2013-12-26|16:55:03] Optimize cache for minimal puts: disabled
[2013-12-26|16:55:03] Structured second-level cache entries: disabled
[2013-12-26|16:55:03] Statistics: disabled
[2013-12-26|16:55:03] Deleted entity synthetic identifier rollback: disabled
[2013-12-26|16:55:03] Default entity-mode: pojo
[2013-12-26|16:55:03] Named query checking : enabled
[2013-12-26|16:55:03] building session factory
[2013-12-26|16:55:03] Not binding factory to JNDI, no JNDI name configured
[2013-12-26|16:55:03] configuring from url: file:/I:/Workspace-Server/WYD-GetGameInfo/bin/hibernate.cfg_world.xml
[2013-12-26|16:55:03] Configured SessionFactory: null
[2013-12-26|16:55:03] Building new Hibernate SessionFactory
[2013-12-26|16:55:03] Binding entity from annotated class: com.wyd.rolequery.bean.Player
[2013-12-26|16:55:03] Bind entity com.wyd.rolequery.bean.Player on table tab_player
[2013-12-26|16:55:03] Binding entity from annotated class: com.wyd.rolequery.bean.PlayerBill
[2013-12-26|16:55:03] Bind entity com.wyd.rolequery.bean.PlayerBill on table log_playerbill
[2013-12-26|16:55:03] Binding entity from annotated class: com.wyd.rolequery.bean.PlayerOnline
[2013-12-26|16:55:03] Bind entity com.wyd.rolequery.bean.PlayerOnline on table log_playeronline
[2013-12-26|16:55:03] Hibernate Validator not found: ignoring
[2013-12-26|16:55:03] Initializing connection provider: org.springframework.orm.hibernate3.LocalDataSourceConnectionProvider
[2013-12-26|16:55:04] RDBMS: MySQL, version: 5.0.95-log
[2013-12-26|16:55:04] JDBC driver: MySQL-AB JDBC Driver, version: mysql-connector-java-5.0.8 ( Revision: ${svn.Revision} )
[2013-12-26|16:55:04] Using dialect: com.wyd.db.hibernate.CustomSQLDialect
[2013-12-26|16:55:04] Using default transaction strategy (direct JDBC transactions)
[2013-12-26|16:55:04] No TransactionManagerLookup configured (in JTA environment, use of read-write or transactional second-level cache is not recommended)
[2013-12-26|16:55:04] Automatic flush during beforeCompletion(): disabled
[2013-12-26|16:55:04] Automatic session close at end of transaction: disabled
[2013-12-26|16:55:04] JDBC batch size: 15
[2013-12-26|16:55:04] JDBC batch updates for versioned data: disabled
[2013-12-26|16:55:04] Scrollable result sets: enabled
[2013-12-26|16:55:04] JDBC3 getGeneratedKeys(): enabled
[2013-12-26|16:55:04] Connection release mode: on_close
[2013-12-26|16:55:04] Maximum outer join fetch depth: 2
[2013-12-26|16:55:04] Default batch fetch size: 1
[2013-12-26|16:55:04] Generate SQL with comments: disabled
[2013-12-26|16:55:04] Order SQL updates by primary key: disabled
[2013-12-26|16:55:04] Order SQL inserts for batching: disabled
[2013-12-26|16:55:04] Query translator: org.hibernate.hql.ast.ASTQueryTranslatorFactory
[2013-12-26|16:55:04] Using ASTQueryTranslatorFactory
[2013-12-26|16:55:04] Query language substitutions: {}
[2013-12-26|16:55:04] JPA-QL strict compliance: disabled
[2013-12-26|16:55:04] Second-level cache: disabled
[2013-12-26|16:55:04] Query cache: disabled
[2013-12-26|16:55:04] Optimize cache for minimal puts: disabled
[2013-12-26|16:55:04] Structured second-level cache entries: disabled
[2013-12-26|16:55:04] Statistics: disabled
[2013-12-26|16:55:04] Deleted entity synthetic identifier rollback: disabled
[2013-12-26|16:55:04] Default entity-mode: pojo
[2013-12-26|16:55:04] Named query checking : enabled
[2013-12-26|16:55:04] building session factory
[2013-12-26|16:55:04] Not binding factory to JNDI, no JNDI name configured
[2013-12-26|16:55:04] Using DataSource [org.apache.commons.dbcp.BasicDataSource@1955970] of Hibernate SessionFactory for HibernateTransactionManager
[2013-12-26|16:55:04] Using DataSource [org.apache.commons.dbcp.BasicDataSource@22ce00] of Hibernate SessionFactory for HibernateTransactionManager
[2013-12-26|16:55:19] 未找到新充值数据-->RechargeServlet起始playerId-->0type=1---当前Time-->2013-12-26 16:55:18参数Time--->null
[2013-12-26|16:55:19] RechargeServlet起始playerId-->0type=1---当前Time-->2013-12-26 16:55:18参数Time--->null
[2013-12-26|17:59:43] gameData抓取服务启动...
[2013-12-26|17:59:43] Refreshing org.springframework.context.support.ClassPathXmlApplicationContext@1543c88: display name [org.springframework.context.support.ClassPathXmlApplicationContext@1543c88]; startup date [Thu Dec 26 17:59:43 CST 2013]; root of context hierarchy
[2013-12-26|17:59:43] Loading XML bean definitions from class path resource [applicationContext.xml]
[2013-12-26|17:59:44] Bean factory for application context [org.springframework.context.support.ClassPathXmlApplicationContext@1543c88]: org.springframework.beans.factory.support.DefaultListableBeanFactory@16f0be8
[2013-12-26|17:59:44] Pre-instantiating singletons in org.springframework.beans.factory.support.DefaultListableBeanFactory@16f0be8: defining beans [AccountDataSource,WorldDataSource,HibernateProperties,AccountSessionFactory,WorldSessionFactory,AccountTransactionManager,WorldTransactionManager,AccountBaseTransactionProxy,WorldBaseTransactionProxy,AccountService,WorldService]; root of factory hierarchy
[2013-12-26|17:59:44] Hibernate Annotations 3.3.0.GA
[2013-12-26|17:59:44] Hibernate 3.2.6
[2013-12-26|17:59:44] hibernate.properties not found
[2013-12-26|17:59:44] Bytecode provider name : cglib
[2013-12-26|17:59:44] using JDK 1.4 java.sql.Timestamp handling
[2013-12-26|17:59:44] configuring from url: file:/I:/Workspace-Server/WYD-GetGameInfo/bin/hibernate.cfg_account.xml
[2013-12-26|17:59:44] Configured SessionFactory: null
[2013-12-26|17:59:44] Building new Hibernate SessionFactory
[2013-12-26|17:59:44] Binding entity from annotated class: com.wyd.rolequery.bean.Empireaccount
[2013-12-26|17:59:44] Bind entity com.wyd.rolequery.bean.Empireaccount on table tab_empireaccount
[2013-12-26|17:59:44] Binding entity from annotated class: com.wyd.rolequery.bean.Account
[2013-12-26|17:59:44] Bind entity com.wyd.rolequery.bean.Account on table tab_account
[2013-12-26|17:59:44] Hibernate Validator not found: ignoring
[2013-12-26|17:59:44] Initializing connection provider: org.springframework.orm.hibernate3.LocalDataSourceConnectionProvider
[2013-12-26|17:59:45] RDBMS: MySQL, version: 5.0.95-log
[2013-12-26|17:59:45] JDBC driver: MySQL-AB JDBC Driver, version: mysql-connector-java-5.0.8 ( Revision: ${svn.Revision} )
[2013-12-26|17:59:45] Using dialect: com.wyd.db.hibernate.CustomSQLDialect
[2013-12-26|17:59:45] Using default transaction strategy (direct JDBC transactions)
[2013-12-26|17:59:45] No TransactionManagerLookup configured (in JTA environment, use of read-write or transactional second-level cache is not recommended)
[2013-12-26|17:59:45] Automatic flush during beforeCompletion(): disabled
[2013-12-26|17:59:45] Automatic session close at end of transaction: disabled
[2013-12-26|17:59:45] JDBC batch size: 15
[2013-12-26|17:59:45] JDBC batch updates for versioned data: disabled
[2013-12-26|17:59:45] Scrollable result sets: enabled
[2013-12-26|17:59:45] JDBC3 getGeneratedKeys(): enabled
[2013-12-26|17:59:45] Connection release mode: on_close
[2013-12-26|17:59:45] Maximum outer join fetch depth: 2
[2013-12-26|17:59:45] Default batch fetch size: 1
[2013-12-26|17:59:45] Generate SQL with comments: disabled
[2013-12-26|17:59:45] Order SQL updates by primary key: disabled
[2013-12-26|17:59:45] Order SQL inserts for batching: disabled
[2013-12-26|17:59:45] Query translator: org.hibernate.hql.ast.ASTQueryTranslatorFactory
[2013-12-26|17:59:45] Using ASTQueryTranslatorFactory
[2013-12-26|17:59:45] Query language substitutions: {}
[2013-12-26|17:59:45] JPA-QL strict compliance: disabled
[2013-12-26|17:59:45] Second-level cache: disabled
[2013-12-26|17:59:45] Query cache: disabled
[2013-12-26|17:59:45] Optimize cache for minimal puts: disabled
[2013-12-26|17:59:45] Structured second-level cache entries: disabled
[2013-12-26|17:59:45] Statistics: disabled
[2013-12-26|17:59:45] Deleted entity synthetic identifier rollback: disabled
[2013-12-26|17:59:45] Default entity-mode: pojo
[2013-12-26|17:59:45] Named query checking : enabled
[2013-12-26|17:59:45] building session factory
[2013-12-26|17:59:45] Not binding factory to JNDI, no JNDI name configured
[2013-12-26|17:59:45] configuring from url: file:/I:/Workspace-Server/WYD-GetGameInfo/bin/hibernate.cfg_world.xml
[2013-12-26|17:59:45] Configured SessionFactory: null
[2013-12-26|17:59:45] Building new Hibernate SessionFactory
[2013-12-26|17:59:45] Binding entity from annotated class: com.wyd.rolequery.bean.Player
[2013-12-26|17:59:45] Bind entity com.wyd.rolequery.bean.Player on table tab_player
[2013-12-26|17:59:45] Binding entity from annotated class: com.wyd.rolequery.bean.PlayerBill
[2013-12-26|17:59:45] Bind entity com.wyd.rolequery.bean.PlayerBill on table log_playerbill
[2013-12-26|17:59:45] Binding entity from annotated class: com.wyd.rolequery.bean.PlayerOnline
[2013-12-26|17:59:45] Bind entity com.wyd.rolequery.bean.PlayerOnline on table log_playeronline
[2013-12-26|17:59:45] Hibernate Validator not found: ignoring
[2013-12-26|17:59:45] Initializing connection provider: org.springframework.orm.hibernate3.LocalDataSourceConnectionProvider
[2013-12-26|17:59:46] RDBMS: MySQL, version: 5.0.95-log
[2013-12-26|17:59:46] JDBC driver: MySQL-AB JDBC Driver, version: mysql-connector-java-5.0.8 ( Revision: ${svn.Revision} )
[2013-12-26|17:59:46] Using dialect: com.wyd.db.hibernate.CustomSQLDialect
[2013-12-26|17:59:46] Using default transaction strategy (direct JDBC transactions)
[2013-12-26|17:59:46] No TransactionManagerLookup configured (in JTA environment, use of read-write or transactional second-level cache is not recommended)
[2013-12-26|17:59:46] Automatic flush during beforeCompletion(): disabled
[2013-12-26|17:59:46] Automatic session close at end of transaction: disabled
[2013-12-26|17:59:46] JDBC batch size: 15
[2013-12-26|17:59:46] JDBC batch updates for versioned data: disabled
[2013-12-26|17:59:46] Scrollable result sets: enabled
[2013-12-26|17:59:46] JDBC3 getGeneratedKeys(): enabled
[2013-12-26|17:59:46] Connection release mode: on_close
[2013-12-26|17:59:46] Maximum outer join fetch depth: 2
[2013-12-26|17:59:46] Default batch fetch size: 1
[2013-12-26|17:59:46] Generate SQL with comments: disabled
[2013-12-26|17:59:46] Order SQL updates by primary key: disabled
[2013-12-26|17:59:46] Order SQL inserts for batching: disabled
[2013-12-26|17:59:46] Query translator: org.hibernate.hql.ast.ASTQueryTranslatorFactory
[2013-12-26|17:59:46] Using ASTQueryTranslatorFactory
[2013-12-26|17:59:46] Query language substitutions: {}
[2013-12-26|17:59:46] JPA-QL strict compliance: disabled
[2013-12-26|17:59:46] Second-level cache: disabled
[2013-12-26|17:59:46] Query cache: disabled
[2013-12-26|17:59:46] Optimize cache for minimal puts: disabled
[2013-12-26|17:59:46] Structured second-level cache entries: disabled
[2013-12-26|17:59:46] Statistics: disabled
[2013-12-26|17:59:46] Deleted entity synthetic identifier rollback: disabled
[2013-12-26|17:59:46] Default entity-mode: pojo
[2013-12-26|17:59:46] Named query checking : enabled
[2013-12-26|17:59:46] building session factory
[2013-12-26|17:59:46] Not binding factory to JNDI, no JNDI name configured
[2013-12-26|17:59:46] Using DataSource [org.apache.commons.dbcp.BasicDataSource@37d490] of Hibernate SessionFactory for HibernateTransactionManager
[2013-12-26|17:59:46] Using DataSource [org.apache.commons.dbcp.BasicDataSource@1647278] of Hibernate SessionFactory for HibernateTransactionManager
[2013-12-26|18:00:23] 未找到新充值数据-->RechargeServlet起始playerId-->121414type=0---当前Time-->2013-12-26 18:00:23参数Time--->null
[2013-12-26|18:00:23] RechargeServlet起始playerId-->121414type=0---当前Time-->2013-12-26 18:00:23参数Time--->null
[2013-12-26|18:00:24] 未找到新充值数据-->RechargeServlet起始playerId-->121414type=0---当前Time-->2013-12-26 18:00:24参数Time--->null
[2013-12-26|18:00:24] RechargeServlet起始playerId-->121414type=0---当前Time-->2013-12-26 18:00:24参数Time--->null
[2013-12-26|18:03:03] gameData抓取服务启动...
[2013-12-26|18:03:04] Refreshing org.springframework.context.support.ClassPathXmlApplicationContext@15212bc: display name [org.springframework.context.support.ClassPathXmlApplicationContext@15212bc]; startup date [Thu Dec 26 18:03:04 CST 2013]; root of context hierarchy
[2013-12-26|18:03:04] Loading XML bean definitions from class path resource [applicationContext.xml]
[2013-12-26|18:03:04] Bean factory for application context [org.springframework.context.support.ClassPathXmlApplicationContext@15212bc]: org.springframework.beans.factory.support.DefaultListableBeanFactory@176cad3
[2013-12-26|18:03:04] Pre-instantiating singletons in org.springframework.beans.factory.support.DefaultListableBeanFactory@176cad3: defining beans [AccountDataSource,WorldDataSource,HibernateProperties,AccountSessionFactory,WorldSessionFactory,AccountTransactionManager,WorldTransactionManager,AccountBaseTransactionProxy,WorldBaseTransactionProxy,AccountService,WorldService]; root of factory hierarchy
[2013-12-26|18:03:04] Hibernate Annotations 3.3.0.GA
[2013-12-26|18:03:04] Hibernate 3.2.6
[2013-12-26|18:03:04] hibernate.properties not found
[2013-12-26|18:03:04] Bytecode provider name : cglib
[2013-12-26|18:03:04] using JDK 1.4 java.sql.Timestamp handling
[2013-12-26|18:03:04] configuring from url: file:/I:/Workspace-Server/WYD-GetGameInfo/bin/hibernate.cfg_account.xml
[2013-12-26|18:03:04] Configured SessionFactory: null
[2013-12-26|18:03:04] Building new Hibernate SessionFactory
[2013-12-26|18:03:04] Binding entity from annotated class: com.wyd.rolequery.bean.Empireaccount
[2013-12-26|18:03:04] Bind entity com.wyd.rolequery.bean.Empireaccount on table tab_empireaccount
[2013-12-26|18:03:04] Binding entity from annotated class: com.wyd.rolequery.bean.Account
[2013-12-26|18:03:04] Bind entity com.wyd.rolequery.bean.Account on table tab_account
[2013-12-26|18:03:04] Hibernate Validator not found: ignoring
[2013-12-26|18:03:04] Initializing connection provider: org.springframework.orm.hibernate3.LocalDataSourceConnectionProvider
[2013-12-26|18:03:06] RDBMS: MySQL, version: 5.0.95-log
[2013-12-26|18:03:06] JDBC driver: MySQL-AB JDBC Driver, version: mysql-connector-java-5.0.8 ( Revision: ${svn.Revision} )
[2013-12-26|18:03:06] Using dialect: com.wyd.db.hibernate.CustomSQLDialect
[2013-12-26|18:03:06] Using default transaction strategy (direct JDBC transactions)
[2013-12-26|18:03:06] No TransactionManagerLookup configured (in JTA environment, use of read-write or transactional second-level cache is not recommended)
[2013-12-26|18:03:06] Automatic flush during beforeCompletion(): disabled
[2013-12-26|18:03:06] Automatic session close at end of transaction: disabled
[2013-12-26|18:03:06] JDBC batch size: 15
[2013-12-26|18:03:06] JDBC batch updates for versioned data: disabled
[2013-12-26|18:03:06] Scrollable result sets: enabled
[2013-12-26|18:03:06] JDBC3 getGeneratedKeys(): enabled
[2013-12-26|18:03:06] Connection release mode: on_close
[2013-12-26|18:03:06] Maximum outer join fetch depth: 2
[2013-12-26|18:03:06] Default batch fetch size: 1
[2013-12-26|18:03:06] Generate SQL with comments: disabled
[2013-12-26|18:03:06] Order SQL updates by primary key: disabled
[2013-12-26|18:03:06] Order SQL inserts for batching: disabled
[2013-12-26|18:03:06] Query translator: org.hibernate.hql.ast.ASTQueryTranslatorFactory
[2013-12-26|18:03:06] Using ASTQueryTranslatorFactory
[2013-12-26|18:03:06] Query language substitutions: {}
[2013-12-26|18:03:06] JPA-QL strict compliance: disabled
[2013-12-26|18:03:06] Second-level cache: disabled
[2013-12-26|18:03:06] Query cache: disabled
[2013-12-26|18:03:06] Optimize cache for minimal puts: disabled
[2013-12-26|18:03:06] Structured second-level cache entries: disabled
[2013-12-26|18:03:06] Statistics: disabled
[2013-12-26|18:03:06] Deleted entity synthetic identifier rollback: disabled
[2013-12-26|18:03:06] Default entity-mode: pojo
[2013-12-26|18:03:06] Named query checking : enabled
[2013-12-26|18:03:06] building session factory
[2013-12-26|18:03:07] Not binding factory to JNDI, no JNDI name configured
[2013-12-26|18:03:07] configuring from url: file:/I:/Workspace-Server/WYD-GetGameInfo/bin/hibernate.cfg_world.xml
[2013-12-26|18:03:07] Configured SessionFactory: null
[2013-12-26|18:03:07] Building new Hibernate SessionFactory
[2013-12-26|18:03:07] Binding entity from annotated class: com.wyd.rolequery.bean.Player
[2013-12-26|18:03:07] Bind entity com.wyd.rolequery.bean.Player on table tab_player
[2013-12-26|18:03:07] Binding entity from annotated class: com.wyd.rolequery.bean.PlayerBill
[2013-12-26|18:03:07] Bind entity com.wyd.rolequery.bean.PlayerBill on table log_playerbill
[2013-12-26|18:03:07] Binding entity from annotated class: com.wyd.rolequery.bean.PlayerOnline
[2013-12-26|18:03:07] Bind entity com.wyd.rolequery.bean.PlayerOnline on table log_playeronline
[2013-12-26|18:03:07] Hibernate Validator not found: ignoring
[2013-12-26|18:03:07] Initializing connection provider: org.springframework.orm.hibernate3.LocalDataSourceConnectionProvider
[2013-12-26|18:03:07] RDBMS: MySQL, version: 5.0.95-log
[2013-12-26|18:03:07] JDBC driver: MySQL-AB JDBC Driver, version: mysql-connector-java-5.0.8 ( Revision: ${svn.Revision} )
[2013-12-26|18:03:08] Using dialect: com.wyd.db.hibernate.CustomSQLDialect
[2013-12-26|18:03:08] Using default transaction strategy (direct JDBC transactions)
[2013-12-26|18:03:08] No TransactionManagerLookup configured (in JTA environment, use of read-write or transactional second-level cache is not recommended)
[2013-12-26|18:03:08] Automatic flush during beforeCompletion(): disabled
[2013-12-26|18:03:08] Automatic session close at end of transaction: disabled
[2013-12-26|18:03:08] JDBC batch size: 15
[2013-12-26|18:03:08] JDBC batch updates for versioned data: disabled
[2013-12-26|18:03:08] Scrollable result sets: enabled
[2013-12-26|18:03:08] JDBC3 getGeneratedKeys(): enabled
[2013-12-26|18:03:08] Connection release mode: on_close
[2013-12-26|18:03:08] Maximum outer join fetch depth: 2
[2013-12-26|18:03:08] Default batch fetch size: 1
[2013-12-26|18:03:08] Generate SQL with comments: disabled
[2013-12-26|18:03:08] Order SQL updates by primary key: disabled
[2013-12-26|18:03:08] Order SQL inserts for batching: disabled
[2013-12-26|18:03:08] Query translator: org.hibernate.hql.ast.ASTQueryTranslatorFactory
[2013-12-26|18:03:08] Using ASTQueryTranslatorFactory
[2013-12-26|18:03:08] Query language substitutions: {}
[2013-12-26|18:03:08] JPA-QL strict compliance: disabled
[2013-12-26|18:03:08] Second-level cache: disabled
[2013-12-26|18:03:08] Query cache: disabled
[2013-12-26|18:03:08] Optimize cache for minimal puts: disabled
[2013-12-26|18:03:08] Structured second-level cache entries: disabled
[2013-12-26|18:03:08] Statistics: disabled
[2013-12-26|18:03:08] Deleted entity synthetic identifier rollback: disabled
[2013-12-26|18:03:08] Default entity-mode: pojo
[2013-12-26|18:03:08] Named query checking : enabled
[2013-12-26|18:03:08] building session factory
[2013-12-26|18:03:08] Not binding factory to JNDI, no JNDI name configured
[2013-12-26|18:03:08] Using DataSource [org.apache.commons.dbcp.BasicDataSource@17cd15d] of Hibernate SessionFactory for HibernateTransactionManager
[2013-12-26|18:03:08] Using DataSource [org.apache.commons.dbcp.BasicDataSource@1955970] of Hibernate SessionFactory for HibernateTransactionManager
[2013-12-26|18:03:30] 未找到新充值数据-->RechargeServlet起始playerId-->121414type=0---当前Time-->2013-12-26 18:03:30参数Time--->null
[2013-12-26|18:03:30] RechargeServlet起始playerId-->121414type=0---当前Time-->2013-12-26 18:03:30参数Time--->null
[2013-12-26|18:03:31] 未找到新充值数据-->RechargeServlet起始playerId-->121414type=0---当前Time-->2013-12-26 18:03:31参数Time--->null
[2013-12-26|18:03:31] RechargeServlet起始playerId-->121414type=0---当前Time-->2013-12-26 18:03:31参数Time--->null
[2013-12-26|18:03:32] 未找到新充值数据-->RechargeServlet起始playerId-->121414type=0---当前Time-->2013-12-26 18:03:32参数Time--->null
[2013-12-26|18:03:32] RechargeServlet起始playerId-->121414type=0---当前Time-->2013-12-26 18:03:32参数Time--->null
[2013-12-26|18:04:29] 未找到新注册数据-->RegistrationServlet起始playerId-->3216type=0---当前Time-->2013-12-26 18:04:29参数Time--->null
[2013-12-26|18:04:29] RegistrationServlet起始playerId-->3216type=0---当前Time-->2013-12-26 18:04:29参数Time--->null
[2013-12-26|18:04:31] 未找到新注册数据-->RegistrationServlet起始playerId-->3216type=0---当前Time-->2013-12-26 18:04:31参数Time--->null
[2013-12-26|18:04:31] RegistrationServlet起始playerId-->3216type=0---当前Time-->2013-12-26 18:04:31参数Time--->null
[2013-12-26|18:04:31] 未找到新注册数据-->RegistrationServlet起始playerId-->3216type=0---当前Time-->2013-12-26 18:04:31参数Time--->null
[2013-12-26|18:04:31] RegistrationServlet起始playerId-->3216type=0---当前Time-->2013-12-26 18:04:31参数Time--->null
