7	1414397662226	0
7	1414397722229	0
7	1414397782229	0
14	1414397794115	1838	50	1000100	0	1
14	1414397794117	1838	50	1100001	1	1
14	1414397794117	1838	50	1100002	1	1
14	1414397794117	1838	50	1100003	1	1
14	1414397794117	1838	50	1100004	1	1
14	1414397794117	1838	50	1100005	1	1
14	1414397794117	1838	50	1100006	1	1
14	1414397794117	1838	50	1100007	1	1
14	1414397794117	1838	50	1100008	1	1
14	1414397794117	1838	50	1100009	1	1
14	1414397794117	1838	50	1100010	1	1
14	1414397794117	1838	50	1100011	1	1
14	1414397794117	1838	50	1100012	1	1
14	1414397794117	1838	50	1100013	1	1
14	1414397794117	1838	50	1100014	1	1
14	1414397794117	1838	50	1100015	1	1
14	1414397794117	1838	50	1100016	1	1
14	1414397794117	1838	50	1100017	1	1
14	1414397794118	1838	50	15	2	1
14	1414397794118	1838	50	9	2	1
14	1414397794118	1838	50	3	2	1
14	1414397794118	1838	50	13	2	1
14	1414397794118	1838	50	8	2	1
14	1414397794118	1838	50	12	2	1
14	1414397794118	1838	50	14	2	1
14	1414397794118	1838	50	11	2	1
14	1414397794118	1838	50	4	2	1
14	1414397794118	1838	50	2	2	1
14	1414397794118	1838	50	7	2	1
14	1414397794118	1838	50	6	2	1
14	1414397794118	1838	50	10	2	1
14	1414397794118	1838	50	5	2	1
14	1414397794118	1838	50	1	2	1
14	1414397794240	1838	50	1100001	1	1
14	1414397794240	1838	50	1100002	1	1
14	1414397794240	1838	50	1100003	1	1
14	1414397794240	1838	50	1100004	1	1
14	1414397794240	1838	50	1100005	1	1
14	1414397794240	1838	50	1100006	1	1
14	1414397794240	1838	50	1100007	1	1
14	1414397794240	1838	50	1100008	1	1
14	1414397794240	1838	50	1100009	1	1
14	1414397794240	1838	50	1100010	1	1
14	1414397794240	1838	50	1100011	1	1
14	1414397794240	1838	50	1100012	1	1
14	1414397794240	1838	50	1100013	1	1
14	1414397794240	1838	50	1100014	1	1
14	1414397794240	1838	50	1100015	1	1
14	1414397794240	1838	50	1100016	1	1
14	1414397794240	1838	50	1100017	1	1
14	1414397794248	1838	50	15	2	1
14	1414397794249	1838	50	13	2	1
14	1414397794249	1838	50	2	2	1
14	1414397794249	1838	50	8	2	1
14	1414397794249	1838	50	3	2	1
14	1414397794249	1838	50	1	2	1
14	1414397794249	1838	50	7	2	1
14	1414397794249	1838	50	10	2	1
14	1414397794249	1838	50	6	2	1
14	1414397794249	1838	50	4	2	1
14	1414397794249	1838	50	5	2	1
14	1414397794249	1838	50	11	2	1
14	1414397794249	1838	50	14	2	1
14	1414397794249	1838	50	12	2	1
14	1414397794249	1838	50	9	2	1
23	1414397794409	1838	50	0	0	0
2	1414397796014	1838	50
13	1414397797202	1838	50	0	1414397797202
14	1414397797315	1838	50	1000100	0	2
13	1414397798918	1838	50	1	1716
13	1414397804748	1838	50	1	5830
7	1414397842235	1
7	1414397902235	1
7	1414397962235	1
7	1414398022236	1
7	1414398082236	1
7	1414398142265	1
7	1414398202265	1
7	1414398262266	1
2	1414398399303	1838	50
13	1414398413022	1838	50	0	1414398413022
14	1414398413146	1838	50	1000100	0	2
13	1414398415220	1838	50	1	2198
7	1414398434294	1
7	1414398494295	1
7	1414398554295	1
7	1414398614295	1
7	1414398674296	1
7	1414398734296	1
7	1414398794325	1
7	1414398854325	1
7	1414398914326	1
7	1414398974326	1
7	1414399034327	1
7	1414399094328	1
7	1414399154329	1
7	1414399214330	1
7	1414399274341	1
7	1414399334342	1
7	1414399394342	1
7	1414399454343	1
14	1414399482535	1769	2	1000100	0	1
14	1414399482537	1769	2	1100001	1	1
14	1414399482537	1769	2	1100002	1	1
14	1414399482537	1769	2	1100003	1	1
14	1414399482537	1769	2	1100004	1	1
14	1414399482537	1769	2	1100005	1	1
14	1414399482537	1769	2	1100006	1	1
14	1414399482537	1769	2	1100007	1	1
14	1414399482537	1769	2	1100008	1	1
14	1414399482537	1769	2	1100009	1	1
14	1414399482537	1769	2	1100010	1	1
14	1414399482537	1769	2	1100011	1	1
14	1414399482537	1769	2	1100012	1	1
14	1414399482538	1769	2	1100013	1	1
14	1414399482538	1769	2	1100014	1	1
14	1414399482538	1769	2	1100015	1	1
14	1414399482538	1769	2	1100016	1	1
14	1414399482538	1769	2	1100017	1	1
14	1414399482538	1769	2	15	2	1
14	1414399482538	1769	2	2	2	1
14	1414399482538	1769	2	3	2	1
14	1414399482538	1769	2	9	2	1
14	1414399482538	1769	2	12	2	1
14	1414399482538	1769	2	10	2	1
14	1414399482539	1769	2	14	2	1
14	1414399482539	1769	2	8	2	1
14	1414399482539	1769	2	6	2	1
14	1414399482539	1769	2	1	2	1
14	1414399482539	1769	2	4	2	1
14	1414399482539	1769	2	13	2	1
14	1414399482539	1769	2	7	2	1
14	1414399482539	1769	2	11	2	1
14	1414399482539	1769	2	5	2	1
14	1414399482624	1769	2	1100001	1	1
14	1414399482624	1769	2	1100002	1	1
14	1414399482624	1769	2	1100003	1	1
14	1414399482624	1769	2	1100004	1	1
14	1414399482624	1769	2	1100005	1	1
14	1414399482624	1769	2	1100006	1	1
14	1414399482624	1769	2	1100007	1	1
14	1414399482624	1769	2	1100008	1	1
14	1414399482624	1769	2	1100009	1	1
14	1414399482624	1769	2	1100010	1	1
14	1414399482624	1769	2	1100011	1	1
14	1414399482624	1769	2	1100012	1	1
14	1414399482624	1769	2	1100013	1	1
14	1414399482624	1769	2	1100014	1	1
14	1414399482625	1769	2	1100015	1	1
14	1414399482625	1769	2	1100016	1	1
14	1414399482625	1769	2	1100017	1	1
14	1414399482633	1769	2	15	2	1
14	1414399482633	1769	2	7	2	1
14	1414399482633	1769	2	1	2	1
14	1414399482633	1769	2	13	2	1
14	1414399482633	1769	2	9	2	1
14	1414399482633	1769	2	10	2	1
14	1414399482633	1769	2	11	2	1
14	1414399482633	1769	2	3	2	1
14	1414399482633	1769	2	2	2	1
14	1414399482634	1769	2	12	2	1
14	1414399482634	1769	2	14	2	1
14	1414399482634	1769	2	5	2	1
14	1414399482634	1769	2	6	2	1
14	1414399482634	1769	2	8	2	1
14	1414399482634	1769	2	4	2	1
23	1414399482676	1769	2	0	0	0
2	1414399483855	1769	2
13	1414399484740	1769	2	0	1414399484740
14	1414399484815	1769	2	1000100	0	2
13	1414399486333	1769	2	1	1593
13	1414399491392	1769	2	1	5059
7	1414399514348	2
7	1414399574348	2
3	1414399595393	1769	2	2
7	1414399634349	1
7	1414399694377	1
7	1414399754378	1
7	1414399814378	1
7	1414399874379	1
7	1414399934379	1
7	1414399994379	1
7	1414400054380	1
7	1414400114380	1
7	1414400174381	1
7	1414400234381	1
7	1414400294382	1
7	1414400354382	1
7	1414400414382	1
7	1414400474383	1
7	1414400534383	1
7	1414400594384	1
3	1414400600926	1838	50	37
7	1414400654384	0
7	1414400714385	0
7	1414400774385	0
7	1414400834385	0
2	1414400859459	1838	50
7	1414400894413	1
7	1414400954413	1
7	1414401014414	1
7	1414401074414	1
2	1414401180011	1838	50
13	1414401186041	1838	50	0	1414401186041
13	1414401190633	1838	50	1	4592
7	1414401193954	1
11	1414401222527	1838	50	12	6	1	0	1	0	12	0	0	null
6	1414401222542	1838	50	3	12	[12]
7	1414401253955	1
7	1414401313955	1
7	1414401373956	1
7	1414401433956	1
3	1414401478396	1838	50	5
2	1414401479496	1838	50
13	1414401491089	1838	50	13	300456
7	1414401493956	1
13	1414401503432	1838	50	1	12343
11	1414401511900	1838	50	12	6	1	0	1	0	12	0	0	null
6	1414401511902	1838	50	3	12	[12]
7	1414401553957	1
7	1414401613957	1
7	1414401673958	1
7	1414401733958	1
7	1414401793959	1
7	1414401853959	1
7	1414401913959	1
13	1414401922171	1838	50	13	418739
3	1414401925656	1838	50	8
7	1414401973960	0
7	1414402033960	0
7	1414402093961	0
7	1414402153961	0
7	1414402213962	0
7	1414402273962	0
7	1414402333962	0
7	1414402393963	0
7	1414402453963	0
7	1414402513964	0
7	1414402573964	0
7	1414402633965	0
7	1414402693965	0
7	1414402753965	0
7	1414402813966	0
7	1414402873966	0
7	1414402933967	0
7	1414402993967	0
7	1414403053968	0
7	1414403113968	0
7	1414403173968	0
7	1414403233969	0
7	1414403293969	0
7	1414403353970	0
7	1414403413970	0
7	1414403473971	0
7	1414403533971	0
7	1414403593972	0
7	1414403653972	0
7	1414403713972	0
7	1414403773973	0
7	1414403833973	0
7	1414403893974	0
7	1414403953974	0
7	1414404013975	0
7	1414404073975	0
7	1414404133975	0
7	1414404193976	0
7	1414404253976	0
7	1414404313977	0
7	1414404373977	0
7	1414404433978	0
7	1414404493978	0
7	1414404553978	0
7	1414404613979	0
7	1414404673979	0
7	1414404733980	0
7	1414404793980	0
7	1414404853981	0
7	1414404913981	0
7	1414404973981	0
7	1414405033982	0
7	1414405093982	0
7	1414405153983	0
7	1414405213983	0
7	1414405273984	0
7	1414405333984	0
7	1414405393984	0
7	1414405453985	0
7	1414405513985	0
7	1414405573986	0
7	1414405633986	0
7	1414405693987	0
7	1414405753987	0
7	1414405813987	0
7	1414405873988	0
7	1414405933988	0
7	1414405993989	0
7	1414406053989	0
7	1414406113990	0
7	1414406173990	0
7	1414406233991	0
7	1414406293991	0
7	1414406353991	0
7	1414406413992	0
7	1414406473992	0
7	1414406533993	0
7	1414406593993	0
7	1414406653994	0
7	1414406713994	0
7	1414406773994	0
7	1414406833995	0
7	1414406893995	0
7	1414406953996	0
7	1414407013996	0
7	1414407073997	0
7	1414407133999	0
7	1414407193999	0
7	1414407254002	0
7	1414407314002	0
7	1414407374003	0
7	1414407434003	0
7	1414407494004	0
7	1414407554005	0
7	1414407614005	0
7	1414407674009	0
7	1414407734009	0
7	1414407794010	0
7	1414407854010	0
7	1414407914011	0
7	1414407974011	0
7	1414408034011	0
7	1414408094012	0
7	1414408154012	0
7	1414408214017	0
7	1414408274018	0
7	1414408334019	0
7	1414408394020	0
7	1414408454020	0
7	1414408514021	0
7	1414408574022	0
7	1414408634023	0
7	1414408694023	0
7	1414408754024	0
7	1414408814024	0
7	1414408874025	0
7	1414408934025	0
7	1414408994025	0
7	1414409054026	0
7	1414409114026	0
7	1414409174027	0
7	1414409234027	0
7	1414409294028	0
7	1414409354028	0
7	1414409414028	0
7	1414409474029	0
7	1414409534029	0
7	1414409594030	0
7	1414409654030	0
7	1414409714031	0
7	1414409774031	0
7	1414409834031	0
7	1414409894032	0
7	1414409954032	0
7	1414410014033	0
7	1414410074033	0
7	1414410134034	0
7	1414410194034	0
7	1414410254034	0
